<?xml version="1.0" encoding="UTF-8"?>
<!-- Generated by org.testng.reporters.JUnitReportReporter -->
<testsuite skipped="0" hostname="DESKTOP-NN0TL6E" name="acti.base.DriverScript" tests="1" failures="0" timestamp="25 Dec 2019 18:58:19 GMT" time="2.621" errors="0">
  <testcase name="initBrowser" time="2.621" classname="acti.base.DriverScript"/>
</testsuite> <!-- acti.base.DriverScript -->
