<?xml version="1.0" encoding="UTF-8"?>
<!-- Generated by org.testng.reporters.JUnitReportReporter -->
<testsuite skipped="0" hostname="DESKTOP-NN0TL6E" name="com.acti.qa.automation.TC01" tests="3" failures="0" timestamp="26 Dec 2019 02:52:05 GMT" time="36.367" errors="0">
  <testcase name="VerifyLoginTitle" time="12.802" classname="com.acti.qa.automation.TC01"/>
  <testcase name="VerifyLogo" time="11.798" classname="com.acti.qa.automation.TC01"/>
  <testcase name="VerifyLoginFunction" time="11.767" classname="com.acti.qa.automation.TC01"/>
</testsuite> <!-- com.acti.qa.automation.TC01 -->
